
> lms-backend@0.1.0 dev
> tsx watch src/server.ts

[2026-05-03 18:42:19.999 +0530] [32mINFO[39m: [36mStarting LMS backend with env validation[39m
    required: [
      "DATABASE_URL",
      "JWT_SECRET",
      "SQS_SUBMISSIONS_QUEUE_URL",
      "COMPILER_SERVICE_URL"
    ]
[2026-05-03 18:42:20.020 +0530] [32mINFO[39m: [36mPrisma connected successfully[39m
[2026-05-03 18:42:20.030 +0530] [32mINFO[39m: [36mredis connected[39m
[2026-05-03 18:42:20.035 +0530] [32mINFO[39m: [36mRedis connected successfully[39m
[2026-05-03 18:42:20.041 +0530] [32mINFO[39m: [36mlms-backend listening - submission pipeline ready[39m
    port: 3000
    nodeEnv: "development"
prisma:query SELECT 1
prisma:query SELECT 1
[2026-05-03 18:42:36.796 +0530] [32mINFO[39m: [36mrequest completed[39m
    req: {
      "id": 1,
      "method": "GET",
      "url": "/health",
      "query": {},
      "params": {},
      "headers": {
        "user-agent": "Mozilla/5.0 (Windows NT; Windows NT 10.0; en-IN) WindowsPowerShell/5.1.26100.8115",
        "host": "localhost:3000",
        "connection": "Keep-Alive"
      },
      "remoteAddress": "::1",
      "remotePort": 51031
    }
    res: {
      "statusCode": 200,
      "headers": {
        "content-security-policy": "default-src 'self';base-uri 'self';font-src 'self' https: data:;form-action 'self';frame-ancestors 'self';img-src 'self' data:;object-src 'none';script-src 'self';script-src-attr 'none';style-src 'self' https: 'unsafe-inline';upgrade-insecure-requests",
        "cross-origin-opener-policy": "same-origin",
        "cross-origin-resource-policy": "same-origin",
        "origin-agent-cluster": "?1",
        "referrer-policy": "no-referrer",
        "strict-transport-security": "max-age=31536000; includeSubDomains",
        "x-content-type-options": "nosniff",
        "x-dns-prefetch-control": "off",
        "x-download-options": "noopen",
        "x-frame-options": "SAMEORIGIN",
        "x-permitted-cross-domain-policies": "none",
        "x-xss-protection": "0",
        "vary": "Origin",
        "access-control-allow-credentials": "true",
        "content-type": "application/json; charset=utf-8",
        "content-length": "69",
        "etag": "W/\"45-OOveyJYL9CskGalDpZBiPLJ+rgw\""
      }
    }
    responseTime: 81
prisma:query SELECT 1
prisma:query SELECT 1
prisma:query SELECT "public"."User"."id", "public"."User"."email", "public"."User"."name", "public"."User"."role"::text, "public"."User"."avatarUrl", "public"."User"."passwordHash", "public"."User"."isActive" FROM "public"."User" WHERE ("public"."User"."email" = $1 AND 1=1) LIMIT $2 OFFSET $3
prisma:query SELECT "public"."Problem"."id", "public"."Problem"."timeLimit", "public"."Problem"."memoryLimit" FROM "public"."Problem" WHERE ("public"."Problem"."id" = $1 AND "public"."Problem"."isPublished" = $2) LIMIT $3 OFFSET $4
prisma:query SELECT COUNT(*) FROM (SELECT "public"."TestCase"."id" FROM "public"."TestCase" WHERE "public"."TestCase"."problemId" = $1 OFFSET $2) AS "sub"
prisma:query INSERT INTO "public"."Submission" ("id","userId","problemId","language","code","status","passedTests","totalTests","createdAt") VALUES ($1,$2,$3,CAST($4::text AS "public"."Language"),$5,CAST($6::text AS "public"."SubmissionStatus"),$7,$8,$9) RETURNING "public"."Submission"."id", "public"."Submission"."status"::text
prisma:query SELECT "public"."Submission"."id", "public"."Submission"."userId", "public"."Submission"."problemId", "public"."Submission"."language"::text, "public"."Submission"."code", "public"."Submission"."status"::text, "public"."Submission"."verdict"::text, "public"."Submission"."stdout", "public"."Submission"."stderr", "public"."Submission"."passedTests", "public"."Submission"."totalTests", "public"."Submission"."execTimeMs", "public"."Submission"."memoryKb", "public"."Submission"."createdAt" FROM "public"."Submission" WHERE ("public"."Submission"."id" = $1 AND 1=1) LIMIT $2 OFFSET $3
prisma:query SELECT "public"."Problem"."id", "public"."Problem"."title", "public"."Problem"."difficulty"::text FROM "public"."Problem" WHERE "public"."Problem"."id" IN ($1) OFFSET $2
[2026-05-03 18:43:28.074 +0530] [32mINFO[39m: [36mrequest completed[39m
    req: {
      "id": 2,
      "method": "GET",
      "url": "/health",
      "query": {},
      "params": {},
      "headers": {
        "host": "localhost:3000",
        "connection": "keep-alive",
        "accept": "*/*",
        "accept-language": "*",
        "sec-fetch-mode": "cors",
        "user-agent": "node",
        "accept-encoding": "gzip, deflate"
      },
      "remoteAddress": "::1",
      "remotePort": 65172
    }
    res: {
      "statusCode": 200,
      "headers": {
        "content-security-policy": "default-src 'self';base-uri 'self';font-src 'self' https: data:;form-action 'self';frame-ancestors 'self';img-src 'self' data:;object-src 'none';script-src 'self';script-src-attr 'none';style-src 'self' https: 'unsafe-inline';upgrade-insecure-requests",
        "cross-origin-opener-policy": "same-origin",
        "cross-origin-resource-policy": "same-origin",
        "origin-agent-cluster": "?1",
        "referrer-policy": "no-referrer",
        "strict-transport-security": "max-age=31536000; includeSubDomains",
        "x-content-type-options": "nosniff",
        "x-dns-prefetch-control": "off",
        "x-download-options": "noopen",
        "x-frame-options": "SAMEORIGIN",
        "x-permitted-cross-domain-policies": "none",
        "x-xss-protection": "0",
        "vary": "Origin",
        "access-control-allow-credentials": "true",
        "content-type": "application/json; charset=utf-8",
        "content-length": "69",
        "etag": "W/\"45-fiFusr92UvGd2CLDikuwOfvf5P4\""
      }
    }
    responseTime: 13
[2026-05-03 18:43:28.344 +0530] [32mINFO[39m: [36mrequest completed[39m
    req: {
      "id": 3,
      "method": "POST",
      "url": "/api/auth/login",
      "query": {},
      "params": {},
      "headers": {
        "host": "localhost:3000",
        "connection": "keep-alive",
        "content-type": "application/json",
        "accept": "*/*",
        "accept-language": "*",
        "sec-fetch-mode": "cors",
        "user-agent": "node",
        "accept-encoding": "gzip, deflate",
        "content-length": "56"
      },
      "remoteAddress": "::1",
      "remotePort": 65173
    }
    res: {
      "statusCode": 200,
      "headers": {
        "content-security-policy": "default-src 'self';base-uri 'self';font-src 'self' https: data:;form-action 'self';frame-ancestors 'self';img-src 'self' data:;object-src 'none';script-src 'self';script-src-attr 'none';style-src 'self' https: 'unsafe-inline';upgrade-insecure-requests",
        "cross-origin-opener-policy": "same-origin",
        "cross-origin-resource-policy": "same-origin",
        "origin-agent-cluster": "?1",
        "referrer-policy": "no-referrer",
        "strict-transport-security": "max-age=31536000; includeSubDomains",
        "x-content-type-options": "nosniff",
        "x-dns-prefetch-control": "off",
        "x-download-options": "noopen",
        "x-frame-options": "SAMEORIGIN",
        "x-permitted-cross-domain-policies": "none",
        "x-xss-protection": "0",
        "vary": "Origin",
        "access-control-allow-credentials": "true",
        "set-cookie": "refreshToken=eyJhbGciOiJIUzI1NiIsInR5cCI6IkpXVCJ9.eyJpZCI6IjA0NmYzMWUxLTJmMjgtNGYwNC1iYzFkLTg1Y2IzNGUxODBkZSIsImp0aSI6IjhiOTg3OGNkLTc5MDItNGVmZi1hZjg2LWEzNGVhOWRjOTJkNyIsImlhdCI6MTc3NzgxNDAwOCwiZXhwIjoxNzc4NDE4ODA4fQ.ar3RcTKvW18WTar0zgodBbGWXoRsmspeFNtn8U4ilIE; Max-Age=604800; Path=/api/auth; Expires=Sun, 10 May 2026 13:13:28 GMT; HttpOnly; SameSite=Strict",
        "content-type": "application/json; charset=utf-8",
        "content-length": "405",
        "etag": "W/\"195-dcuLlF25PhBzqxfmYVkr+59rvtY\""
      }
    }
    responseTime: 265
[2026-05-03 18:43:28.349 +0530] [32mINFO[39m: [36mSubmission API called[39m
    userId: "046f31e1-2f28-4f04-bc1d-85cb34e180de"
    problemId: "33333333-3333-3333-3333-333333333333"
    language: "python"
    codeLength: 65
[2026-05-03 18:43:28.365 +0530] [32mINFO[39m: [36mCreating submission DB record[39m
    userId: "046f31e1-2f28-4f04-bc1d-85cb34e180de"
    problemId: "33333333-3333-3333-3333-333333333333"
    totalTests: 3
[2026-05-03 18:43:28.374 +0530] [32mINFO[39m: [36mSubmission created, enqueueing to SQS[39m
    submissionId: "542237f8-6b87-4739-ae5c-c055971b55e2"
    totalTests: 3
[2026-05-03 18:43:28.379 +0530] [32mINFO[39m: [36mSubmission queued for processing[39m
    submissionId: "542237f8-6b87-4739-ae5c-c055971b55e2"
    problemId: "33333333-3333-3333-3333-333333333333"
    language: "python"
    messageId: "d4743bfe-23dd-4c58-bf5e-f23b5ddf24b0"
[2026-05-03 18:43:28.379 +0530] [32mINFO[39m: [36mSubmission enqueued successfully - waiting for worker processing[39m
    submissionId: "542237f8-6b87-4739-ae5c-c055971b55e2"
[2026-05-03 18:43:28.380 +0530] [32mINFO[39m: [36mrequest completed[39m
    req: {
      "id": 4,
      "method": "POST",
      "url": "/api/submissions",
      "query": {},
      "params": {},
      "headers": {
        "host": "localhost:3000",
        "connection": "keep-alive",
        "content-type": "application/json",
        "authorization": "Bearer eyJhbGciOiJIUzI1NiIsInR5cCI6IkpXVCJ9.eyJpZCI6IjA0NmYzMWUxLTJmMjgtNGYwNC1iYzFkLTg1Y2IzNGUxODBkZSIsInJvbGUiOiJzdHVkZW50IiwiZW1haWwiOiJzdHVkZW50MUBjb2RpZnkuY29tIiwiaWF0IjoxNzc3ODE0MDA4LCJleHAiOjE3Nzc4MTQ5MDh9.Eqlljc2SIwB7Urnw2ekcXfPxfZzKM6CDX00MzgjQyHI",
        "accept": "*/*",
        "accept-language": "*",
        "sec-fetch-mode": "cors",
        "user-agent": "node",
        "accept-encoding": "gzip, deflate",
        "content-length": "149"
      },
      "remoteAddress": "::1",
      "remotePort": 65172
    }
    res: {
      "statusCode": 201,
      "headers": {
        "content-security-policy": "default-src 'self';base-uri 'self';font-src 'self' https: data:;form-action 'self';frame-ancestors 'self';img-src 'self' data:;object-src 'none';script-src 'self';script-src-attr 'none';style-src 'self' https: 'unsafe-inline';upgrade-insecure-requests",
        "cross-origin-opener-policy": "same-origin",
        "cross-origin-resource-policy": "same-origin",
        "origin-agent-cluster": "?1",
        "referrer-policy": "no-referrer",
        "strict-transport-security": "max-age=31536000; includeSubDomains",
        "x-content-type-options": "nosniff",
        "x-dns-prefetch-control": "off",
        "x-download-options": "noopen",
        "x-frame-options": "SAMEORIGIN",
        "x-permitted-cross-domain-policies": "none",
        "x-xss-protection": "0",
        "vary": "Origin",
        "access-control-allow-credentials": "true",
        "content-type": "application/json; charset=utf-8",
        "content-length": "74",
        "etag": "W/\"4a-WtgU/lghCfp6kW31wLc84yakMaQ\""
      }
    }
    responseTime: 35
[2026-05-03 18:43:28.389 +0530] [32mINFO[39m: [36mrequest completed[39m
    req: {
      "id": 5,
      "method": "GET",
      "url": "/api/submissions/542237f8-6b87-4739-ae5c-c055971b55e2",
      "query": {},
      "params": {},
      "headers": {
        "host": "localhost:3000",
        "connection": "keep-alive",
        "authorization": "Bearer eyJhbGciOiJIUzI1NiIsInR5cCI6IkpXVCJ9.eyJpZCI6IjA0NmYzMWUxLTJmMjgtNGYwNC1iYzFkLTg1Y2IzNGUxODBkZSIsInJvbGUiOiJzdHVkZW50IiwiZW1haWwiOiJzdHVkZW50MUBjb2RpZnkuY29tIiwiaWF0IjoxNzc3ODE0MDA4LCJleHAiOjE3Nzc4MTQ5MDh9.Eqlljc2SIwB7Urnw2ekcXfPxfZzKM6CDX00MzgjQyHI",
        "accept": "*/*",
        "accept-language": "*",
        "sec-fetch-mode": "cors",
        "user-agent": "node",
        "accept-encoding": "gzip, deflate"
      },
      "remoteAddress": "::1",
      "remotePort": 65173
    }
    res: {
      "statusCode": 200,
      "headers": {
        "content-security-policy": "default-src 'self';base-uri 'self';font-src 'self' https: data:;form-action 'self';frame-ancestors 'self';img-src 'self' data:;object-src 'none';script-src 'self';script-src-attr 'none';style-src 'self' https: 'unsafe-inline';upgrade-insecure-requests",
        "cross-origin-opener-policy": "same-origin",
        "cross-origin-resource-policy": "same-origin",
        "origin-agent-cluster": "?1",
        "referrer-policy": "no-referrer",
        "strict-transport-security": "max-age=31536000; includeSubDomains",
        "x-content-type-options": "nosniff",
        "x-dns-prefetch-control": "off",
        "x-download-options": "noopen",
        "x-frame-options": "SAMEORIGIN",
        "x-permitted-cross-domain-policies": "none",
        "x-xss-protection": "0",
        "vary": "Origin",
        "access-control-allow-credentials": "true",
        "content-type": "application/json; charset=utf-8",
        "content-length": "518",
        "etag": "W/\"206-aTEpIdWJtM5frPmZKEi2iHfE1sY\""
      }
    }
    responseTime: 8
prisma:query SELECT "public"."Submission"."id", "public"."Submission"."userId", "public"."Submission"."problemId", "public"."Submission"."language"::text, "public"."Submission"."code", "public"."Submission"."status"::text, "public"."Submission"."verdict"::text, "public"."Submission"."stdout", "public"."Submission"."stderr", "public"."Submission"."passedTests", "public"."Submission"."totalTests", "public"."Submission"."execTimeMs", "public"."Submission"."memoryKb", "public"."Submission"."createdAt" FROM "public"."Submission" WHERE ("public"."Submission"."id" = $1 AND 1=1) LIMIT $2 OFFSET $3
prisma:query SELECT "public"."Problem"."id", "public"."Problem"."title", "public"."Problem"."difficulty"::text FROM "public"."Problem" WHERE "public"."Problem"."id" IN ($1) OFFSET $2
[2026-05-03 18:43:29.907 +0530] [32mINFO[39m: [36mrequest completed[39m
    req: {
      "id": 6,
      "method": "GET",
      "url": "/api/submissions/542237f8-6b87-4739-ae5c-c055971b55e2",
      "query": {},
      "params": {},
      "headers": {
        "host": "localhost:3000",
        "connection": "keep-alive",
        "authorization": "Bearer eyJhbGciOiJIUzI1NiIsInR5cCI6IkpXVCJ9.eyJpZCI6IjA0NmYzMWUxLTJmMjgtNGYwNC1iYzFkLTg1Y2IzNGUxODBkZSIsInJvbGUiOiJzdHVkZW50IiwiZW1haWwiOiJzdHVkZW50MUBjb2RpZnkuY29tIiwiaWF0IjoxNzc3ODE0MDA4LCJleHAiOjE3Nzc4MTQ5MDh9.Eqlljc2SIwB7Urnw2ekcXfPxfZzKM6CDX00MzgjQyHI",
        "accept": "*/*",
        "accept-language": "*",
        "sec-fetch-mode": "cors",
        "user-agent": "node",
        "accept-encoding": "gzip, deflate"
      },
      "remoteAddress": "::1",
      "remotePort": 65172
    }
    res: {
      "statusCode": 200,
      "headers": {
        "content-security-policy": "default-src 'self';base-uri 'self';font-src 'self' https: data:;form-action 'self';frame-ancestors 'self';img-src 'self' data:;object-src 'none';script-src 'self';script-src-attr 'none';style-src 'self' https: 'unsafe-inline';upgrade-insecure-requests",
        "cross-origin-opener-policy": "same-origin",
        "cross-origin-resource-policy": "same-origin",
        "origin-agent-cluster": "?1",
        "referrer-policy": "no-referrer",
        "strict-transport-security": "max-age=31536000; includeSubDomains",
        "x-content-type-options": "nosniff",
        "x-dns-prefetch-control": "off",
        "x-download-options": "noopen",
        "x-frame-options": "SAMEORIGIN",
        "x-permitted-cross-domain-policies": "none",
        "x-xss-protection": "0",
        "vary": "Origin",
        "access-control-allow-credentials": "true",
        "content-type": "application/json; charset=utf-8",
        "content-length": "523",
        "etag": "W/\"20b-uKCnYHuTG7qAAXGzOJnVy07Cd6I\""
      }
    }
    responseTime: 7
prisma:query SELECT 1
prisma:query SELECT 1
prisma:query SELECT "public"."User"."id", "public"."User"."email", "public"."User"."name", "public"."User"."role"::text, "public"."User"."avatarUrl", "public"."User"."passwordHash", "public"."User"."isActive" FROM "public"."User" WHERE ("public"."User"."email" = $1 AND 1=1) LIMIT $2 OFFSET $3
prisma:query SELECT "public"."Problem"."id", "public"."Problem"."timeLimit", "public"."Problem"."memoryLimit" FROM "public"."Problem" WHERE ("public"."Problem"."id" = $1 AND "public"."Problem"."isPublished" = $2) LIMIT $3 OFFSET $4
prisma:query SELECT COUNT(*) FROM (SELECT "public"."TestCase"."id" FROM "public"."TestCase" WHERE "public"."TestCase"."problemId" = $1 OFFSET $2) AS "sub"
prisma:query INSERT INTO "public"."Submission" ("id","userId","problemId","language","code","status","passedTests","totalTests","createdAt") VALUES ($1,$2,$3,CAST($4::text AS "public"."Language"),$5,CAST($6::text AS "public"."SubmissionStatus"),$7,$8,$9) RETURNING "public"."Submission"."id", "public"."Submission"."status"::text
prisma:query SELECT "public"."Submission"."id", "public"."Submission"."userId", "public"."Submission"."problemId", "public"."Submission"."language"::text, "public"."Submission"."code", "public"."Submission"."status"::text, "public"."Submission"."verdict"::text, "public"."Submission"."stdout", "public"."Submission"."stderr", "public"."Submission"."passedTests", "public"."Submission"."totalTests", "public"."Submission"."execTimeMs", "public"."Submission"."memoryKb", "public"."Submission"."createdAt" FROM "public"."Submission" WHERE ("public"."Submission"."id" = $1 AND 1=1) LIMIT $2 OFFSET $3
prisma:query SELECT "public"."Problem"."id", "public"."Problem"."title", "public"."Problem"."difficulty"::text FROM "public"."Problem" WHERE "public"."Problem"."id" IN ($1) OFFSET $2
[2026-05-03 18:44:51.200 +0530] [32mINFO[39m: [36mrequest completed[39m
    req: {
      "id": 7,
      "method": "GET",
      "url": "/health",
      "query": {},
      "params": {},
      "headers": {
        "host": "localhost:3000",
        "connection": "keep-alive",
        "accept": "*/*",
        "accept-language": "*",
        "sec-fetch-mode": "cors",
        "user-agent": "node",
        "accept-encoding": "gzip, deflate"
      },
      "remoteAddress": "::1",
      "remotePort": 50607
    }
    res: {
      "statusCode": 200,
      "headers": {
        "content-security-policy": "default-src 'self';base-uri 'self';font-src 'self' https: data:;form-action 'self';frame-ancestors 'self';img-src 'self' data:;object-src 'none';script-src 'self';script-src-attr 'none';style-src 'self' https: 'unsafe-inline';upgrade-insecure-requests",
        "cross-origin-opener-policy": "same-origin",
        "cross-origin-resource-policy": "same-origin",
        "origin-agent-cluster": "?1",
        "referrer-policy": "no-referrer",
        "strict-transport-security": "max-age=31536000; includeSubDomains",
        "x-content-type-options": "nosniff",
        "x-dns-prefetch-control": "off",
        "x-download-options": "noopen",
        "x-frame-options": "SAMEORIGIN",
        "x-permitted-cross-domain-policies": "none",
        "x-xss-protection": "0",
        "vary": "Origin",
        "access-control-allow-credentials": "true",
        "content-type": "application/json; charset=utf-8",
        "content-length": "70",
        "etag": "W/\"46-9sNQQcwM7YLGIzumdik4zEFHzJk\""
      }
    }
    responseTime: 15
[2026-05-03 18:44:51.432 +0530] [32mINFO[39m: [36mrequest completed[39m
    req: {
      "id": 8,
      "method": "POST",
      "url": "/api/auth/login",
      "query": {},
      "params": {},
      "headers": {
        "host": "localhost:3000",
        "connection": "keep-alive",
        "content-type": "application/json",
        "accept": "*/*",
        "accept-language": "*",
        "sec-fetch-mode": "cors",
        "user-agent": "node",
        "accept-encoding": "gzip, deflate",
        "content-length": "56"
      },
      "remoteAddress": "::1",
      "remotePort": 50609
    }
    res: {
      "statusCode": 200,
      "headers": {
        "content-security-policy": "default-src 'self';base-uri 'self';font-src 'self' https: data:;form-action 'self';frame-ancestors 'self';img-src 'self' data:;object-src 'none';script-src 'self';script-src-attr 'none';style-src 'self' https: 'unsafe-inline';upgrade-insecure-requests",
        "cross-origin-opener-policy": "same-origin",
        "cross-origin-resource-policy": "same-origin",
        "origin-agent-cluster": "?1",
        "referrer-policy": "no-referrer",
        "strict-transport-security": "max-age=31536000; includeSubDomains",
        "x-content-type-options": "nosniff",
        "x-dns-prefetch-control": "off",
        "x-download-options": "noopen",
        "x-frame-options": "SAMEORIGIN",
        "x-permitted-cross-domain-policies": "none",
        "x-xss-protection": "0",
        "vary": "Origin",
        "access-control-allow-credentials": "true",
        "set-cookie": "refreshToken=eyJhbGciOiJIUzI1NiIsInR5cCI6IkpXVCJ9.eyJpZCI6IjA0NmYzMWUxLTJmMjgtNGYwNC1iYzFkLTg1Y2IzNGUxODBkZSIsImp0aSI6IjYxNDM3NWJkLWY5YzAtNGUzNy05YmQ3LWE0NDc2M2ZkNTE0NyIsImlhdCI6MTc3NzgxNDA5MSwiZXhwIjoxNzc4NDE4ODkxfQ.4t8tB9X85Dsz_s1aj2bEwkhEFF_LXRF9mhDCxFV_6jM; Max-Age=604800; Path=/api/auth; Expires=Sun, 10 May 2026 13:14:51 GMT; HttpOnly; SameSite=Strict",
        "content-type": "application/json; charset=utf-8",
        "content-length": "405",
        "etag": "W/\"195-MQcqNQLygGsL52pWNZVxvnkXbho\""
      }
    }
    responseTime: 226
[2026-05-03 18:44:51.438 +0530] [32mINFO[39m: [36mSubmission API called[39m
    userId: "046f31e1-2f28-4f04-bc1d-85cb34e180de"
    problemId: "33333333-3333-3333-3333-333333333333"
    language: "python"
    codeLength: 65
[2026-05-03 18:44:51.445 +0530] [32mINFO[39m: [36mCreating submission DB record[39m
    userId: "046f31e1-2f28-4f04-bc1d-85cb34e180de"
    problemId: "33333333-3333-3333-3333-333333333333"
    totalTests: 3
[2026-05-03 18:44:51.448 +0530] [32mINFO[39m: [36mSubmission created, enqueueing to SQS[39m
    submissionId: "c28a2795-1266-43aa-8b78-dd41f281bdce"
    totalTests: 3
[2026-05-03 18:44:51.452 +0530] [32mINFO[39m: [36mSubmission queued for processing[39m
    submissionId: "c28a2795-1266-43aa-8b78-dd41f281bdce"
    problemId: "33333333-3333-3333-3333-333333333333"
    language: "python"
    messageId: "0912cbe1-3d40-49b9-848e-4f6f76a9e33e"
[2026-05-03 18:44:51.452 +0530] [32mINFO[39m: [36mSubmission enqueued successfully - waiting for worker processing[39m
    submissionId: "c28a2795-1266-43aa-8b78-dd41f281bdce"
[2026-05-03 18:44:51.453 +0530] [32mINFO[39m: [36mrequest completed[39m
    req: {
      "id": 9,
      "method": "POST",
      "url": "/api/submissions",
      "query": {},
      "params": {},
      "headers": {
        "host": "localhost:3000",
        "connection": "keep-alive",
        "content-type": "application/json",
        "authorization": "Bearer eyJhbGciOiJIUzI1NiIsInR5cCI6IkpXVCJ9.eyJpZCI6IjA0NmYzMWUxLTJmMjgtNGYwNC1iYzFkLTg1Y2IzNGUxODBkZSIsInJvbGUiOiJzdHVkZW50IiwiZW1haWwiOiJzdHVkZW50MUBjb2RpZnkuY29tIiwiaWF0IjoxNzc3ODE0MDkxLCJleHAiOjE3Nzc4MTQ5OTF9.a6xU9nSjumDNlygf3MzormNmA-H0TYKPwiHUSXSoQ1k",
        "accept": "*/*",
        "accept-language": "*",
        "sec-fetch-mode": "cors",
        "user-agent": "node",
        "accept-encoding": "gzip, deflate",
        "content-length": "149"
      },
      "remoteAddress": "::1",
      "remotePort": 50607
    }
    res: {
      "statusCode": 201,
      "headers": {
        "content-security-policy": "default-src 'self';base-uri 'self';font-src 'self' https: data:;form-action 'self';frame-ancestors 'self';img-src 'self' data:;object-src 'none';script-src 'self';script-src-attr 'none';style-src 'self' https: 'unsafe-inline';upgrade-insecure-requests",
        "cross-origin-opener-policy": "same-origin",
        "cross-origin-resource-policy": "same-origin",
        "origin-agent-cluster": "?1",
        "referrer-policy": "no-referrer",
        "strict-transport-security": "max-age=31536000; includeSubDomains",
        "x-content-type-options": "nosniff",
        "x-dns-prefetch-control": "off",
        "x-download-options": "noopen",
        "x-frame-options": "SAMEORIGIN",
        "x-permitted-cross-domain-policies": "none",
        "x-xss-protection": "0",
        "vary": "Origin",
        "access-control-allow-credentials": "true",
        "content-type": "application/json; charset=utf-8",
        "content-length": "74",
        "etag": "W/\"4a-LyN5FcIxREJI1tf4Jf2C4sa4GV8\""
      }
    }
    responseTime: 19
[2026-05-03 18:44:51.460 +0530] [32mINFO[39m: [36mrequest completed[39m
    req: {
      "id": 10,
      "method": "GET",
      "url": "/api/submissions/c28a2795-1266-43aa-8b78-dd41f281bdce",
      "query": {},
      "params": {},
      "headers": {
        "host": "localhost:3000",
        "connection": "keep-alive",
        "authorization": "Bearer eyJhbGciOiJIUzI1NiIsInR5cCI6IkpXVCJ9.eyJpZCI6IjA0NmYzMWUxLTJmMjgtNGYwNC1iYzFkLTg1Y2IzNGUxODBkZSIsInJvbGUiOiJzdHVkZW50IiwiZW1haWwiOiJzdHVkZW50MUBjb2RpZnkuY29tIiwiaWF0IjoxNzc3ODE0MDkxLCJleHAiOjE3Nzc4MTQ5OTF9.a6xU9nSjumDNlygf3MzormNmA-H0TYKPwiHUSXSoQ1k",
        "accept": "*/*",
        "accept-language": "*",
        "sec-fetch-mode": "cors",
        "user-agent": "node",
        "accept-encoding": "gzip, deflate"
      },
      "remoteAddress": "::1",
      "remotePort": 50609
    }
    res: {
      "statusCode": 200,
      "headers": {
        "content-security-policy": "default-src 'self';base-uri 'self';font-src 'self' https: data:;form-action 'self';frame-ancestors 'self';img-src 'self' data:;object-src 'none';script-src 'self';script-src-attr 'none';style-src 'self' https: 'unsafe-inline';upgrade-insecure-requests",
        "cross-origin-opener-policy": "same-origin",
        "cross-origin-resource-policy": "same-origin",
        "origin-agent-cluster": "?1",
        "referrer-policy": "no-referrer",
        "strict-transport-security": "max-age=31536000; includeSubDomains",
        "x-content-type-options": "nosniff",
        "x-dns-prefetch-control": "off",
        "x-download-options": "noopen",
        "x-frame-options": "SAMEORIGIN",
        "x-permitted-cross-domain-policies": "none",
        "x-xss-protection": "0",
        "vary": "Origin",
        "access-control-allow-credentials": "true",
        "content-type": "application/json; charset=utf-8",
        "content-length": "518",
        "etag": "W/\"206-uezq4PeNYtssFnuOkjOAVIqMDVU\""
      }
    }
    responseTime: 6
prisma:query SELECT "public"."Submission"."id", "public"."Submission"."userId", "public"."Submission"."problemId", "public"."Submission"."language"::text, "public"."Submission"."code", "public"."Submission"."status"::text, "public"."Submission"."verdict"::text, "public"."Submission"."stdout", "public"."Submission"."stderr", "public"."Submission"."passedTests", "public"."Submission"."totalTests", "public"."Submission"."execTimeMs", "public"."Submission"."memoryKb", "public"."Submission"."createdAt" FROM "public"."Submission" WHERE ("public"."Submission"."id" = $1 AND 1=1) LIMIT $2 OFFSET $3
prisma:query SELECT "public"."Problem"."id", "public"."Problem"."title", "public"."Problem"."difficulty"::text FROM "public"."Problem" WHERE "public"."Problem"."id" IN ($1) OFFSET $2
[2026-05-03 18:44:52.976 +0530] [32mINFO[39m: [36mrequest completed[39m
    req: {
      "id": 11,
      "method": "GET",
      "url": "/api/submissions/c28a2795-1266-43aa-8b78-dd41f281bdce",
      "query": {},
      "params": {},
      "headers": {
        "host": "localhost:3000",
        "connection": "keep-alive",
        "authorization": "Bearer eyJhbGciOiJIUzI1NiIsInR5cCI6IkpXVCJ9.eyJpZCI6IjA0NmYzMWUxLTJmMjgtNGYwNC1iYzFkLTg1Y2IzNGUxODBkZSIsInJvbGUiOiJzdHVkZW50IiwiZW1haWwiOiJzdHVkZW50MUBjb2RpZnkuY29tIiwiaWF0IjoxNzc3ODE0MDkxLCJleHAiOjE3Nzc4MTQ5OTF9.a6xU9nSjumDNlygf3MzormNmA-H0TYKPwiHUSXSoQ1k",
        "accept": "*/*",
        "accept-language": "*",
        "sec-fetch-mode": "cors",
        "user-agent": "node",
        "accept-encoding": "gzip, deflate"
      },
      "remoteAddress": "::1",
      "remotePort": 50607
    }
    res: {
      "statusCode": 200,
      "headers": {
        "content-security-policy": "default-src 'self';base-uri 'self';font-src 'self' https: data:;form-action 'self';frame-ancestors 'self';img-src 'self' data:;object-src 'none';script-src 'self';script-src-attr 'none';style-src 'self' https: 'unsafe-inline';upgrade-insecure-requests",
        "cross-origin-opener-policy": "same-origin",
        "cross-origin-resource-policy": "same-origin",
        "origin-agent-cluster": "?1",
        "referrer-policy": "no-referrer",
        "strict-transport-security": "max-age=31536000; includeSubDomains",
        "x-content-type-options": "nosniff",
        "x-dns-prefetch-control": "off",
        "x-download-options": "noopen",
        "x-frame-options": "SAMEORIGIN",
        "x-permitted-cross-domain-policies": "none",
        "x-xss-protection": "0",
        "vary": "Origin",
        "access-control-allow-credentials": "true",
        "content-type": "application/json; charset=utf-8",
        "content-length": "523",
        "etag": "W/\"20b-o+kHMB+QUBArmf9LT9Qb260DBtw\""
      }
    }
    responseTime: 9
