
> lms-compiler-service@0.1.0 dev
> tsx watch index.ts

{"level":30,"time":1777813098836,"pid":19148,"hostname":"nihallaptop","port":4000,"msg":"compiler-service listening"}
{"level":50,"time":1777813140375,"pid":19148,"hostname":"nihallaptop","err":{"type":"Error","message":"spawn /usr/local/bin/sandbox-run ENOENT","stack":"Error: spawn /usr/local/bin/sandbox-run ENOENT\n    at ChildProcess._handle.onexit (node:internal/child_process:285:19)\n    at onErrorNT (node:internal/child_process:483:16)\n    at process.processTicksAndRejections (node:internal/process/task_queues:90:21)","errno":-4058,"code":"ENOENT","syscall":"spawn /usr/local/bin/sandbox-run","path":"/usr/local/bin/sandbox-run","spawnargs":["python3","-u","\\tmp\\lms-exec\\1150abff-900c-4efd-881e-8477ec630a25\\main.py"]},"msg":"execution failed"}
{"level":50,"time":1777813150983,"pid":19148,"hostname":"nihallaptop","err":{"type":"Error","message":"spawn /usr/local/bin/sandbox-run ENOENT","stack":"Error: spawn /usr/local/bin/sandbox-run ENOENT\n    at ChildProcess._handle.onexit (node:internal/child_process:285:19)\n    at onErrorNT (node:internal/child_process:483:16)\n    at process.processTicksAndRejections (node:internal/process/task_queues:90:21)","errno":-4058,"code":"ENOENT","syscall":"spawn /usr/local/bin/sandbox-run","path":"/usr/local/bin/sandbox-run","spawnargs":["python3","-u","\\tmp\\lms-exec\\5d871574-5a8f-4caa-9e1c-2807170ce839\\main.py"]},"msg":"execution failed"}
7:19:45 pm [tsx] unlink in ./..\node_modules\call-bound\index.js Rerunning...
c7:19:45 pm [tsx] unlink in ./..\node_modules\express\index.js Rerunning...
c7:19:46 pm [tsx] unlink in ./..\node_modules\inherits\inherits.js Rerunning...
c7:19:46 pm [tsx] unlink in ./..\node_modules\mime-types\index.js Rerunning...
c7:19:47 pm [tsx] unlink in ./..\node_modules\ms\index.js Rerunning...
c7:19:47 pm [tsx] unlink in ./..\node_modules\path-to-regexp\index.js Rerunning...
c7:19:48 pm [tsx] unlink in ./..\node_modules\unpipe\index.js Rerunning...
c7:19:48 pm [tsx] unlink in ./..\node_modules\vary\index.js Rerunning...
c7:19:48 pm [tsx] unlink in ./..\node_modules\zod\index.cjs Rerunning...
c7:19:51 pm [tsx] unlink in ./..\node_modules\@pinojs\redact\index.js Rerunning...
c7:19:52 pm [tsx] unlink in ./..\node_modules\body-parser\lib\read.js Rerunning...
c7:19:53 pm [tsx] unlink in ./..\node_modules\dotenv\lib\main.js Rerunning...
c7:19:53 pm [tsx] unlink in ./..\node_modules\express\lib\view.js Rerunning...
c7:19:53 pm [tsx] unlink in ./..\node_modules\ipaddr.js\lib\ipaddr.js Rerunning...
c7:19:53 pm [tsx] unlink in ./..\node_modules\negotiator\lib\encoding.js Rerunning...
c7:19:54 pm [tsx] unlink in ./..\node_modules\pino\lib\transport.js Rerunning...
c7:19:54 pm [tsx] unlink in ./..\node_modules\pino-std-serializers\lib\res.js Rerunning...
c7:19:54 pm [tsx] unlink in ./..\node_modules\qs\lib\utils.js Rerunning...
c7:19:54 pm [tsx] unlink in ./..\node_modules\thread-stream\lib\wait.js Rerunning...
c7:19:54 pm [tsx] unlink in ./..\node_modules\tsx\dist\lexer-DQCqS3nf.mjs Rerunning...
c7:19:55 pm [tsx] unlink in ./..\node_modules\uuid\dist\version.js Rerunning...
c7:19:55 pm [tsx] unlink in ./..\node_modules\zod\v3\types.cjs Rerunning...
c7:20:03 pm [tsx] unlink in ./..\node_modules\body-parser\node_modules\ms\index.js Rerunning...
c7:20:04 pm [tsx] unlink in ./..\node_modules\express\lib\router\route.js Rerunning...
c7:20:04 pm [tsx] unlink in ./..\node_modules\finalhandler\node_modules\ms\index.js Rerunning...
c7:20:05 pm [tsx] unlink in ./..\node_modules\zod\v3\locales\en.cjs Rerunning...
c7:32:25 pm [tsx] change in ./..\node_modules\express\node_modules\debug\src\index.js Rerunning...
c7:32:25 pm [tsx] change in ./..\node_modules\send\node_modules\debug\src\node.js Restarting...
c{"level":30,"time":1777816946390,"pid":33308,"hostname":"nihallaptop","port":4000,"msg":"compiler-service listening"}
